<?xml version="1.0" encoding="UTF-8"?>
<!-- Generated by org.testng.reporters.JUnitReportReporter -->
<testsuite skipped="0" hostname="Ashwins-MacBook-Pro.local" name="com.apitesting.RoboTest" tests="1" failures="0" timestamp="20 Jul 2017 12:32:29 GMT" time="5.493" errors="0">
  <testcase name="Test" time="5.493" classname="com.apitesting.RoboTest"/>
</testsuite> <!-- com.apitesting.RoboTest -->
