<?xml version="1.0" encoding="UTF-8"?>
<!-- Generated by org.testng.reporters.JUnitReportReporter -->
<testsuite skipped="0" hostname="Ashwins-MacBook-Pro.local" name="com.apitesting.GroovyJsonPathRegex" tests="1" failures="0" timestamp="23 Dec 2017 06:38:50 GMT" time="3.347" errors="0">
  <testcase name="findAnItemWithSalePrice" time="3.347" classname="com.apitesting.GroovyJsonPathRegex"/>
</testsuite> <!-- com.apitesting.GroovyJsonPathRegex -->
