<?xml version="1.0" encoding="UTF-8"?>
<!-- Generated by org.testng.reporters.JUnitReportReporter -->
<testsuite skipped="0" hostname="Ashwins-MBP" name="com.apitesting.RootPath" tests="1" failures="0" timestamp="21 Dec 2017 13:37:01 GMT" time="6.240" errors="0">
  <testcase name="singleAssertion" time="6.240" classname="com.apitesting.RootPath"/>
</testsuite> <!-- com.apitesting.RootPath -->
