<?xml version="1.0" encoding="UTF-8"?>
<!-- Generated by org.testng.reporters.JUnitReportReporter -->
<testsuite skipped="0" hostname="Ashwins-MacBook-Pro.local" name="com.apitesting.ArraySizeUsingJsonPath" tests="1" failures="0" timestamp="22 Dec 2017 10:29:32 GMT" time="3.100" errors="0">
  <testcase name="arraySize" time="3.100" classname="com.apitesting.ArraySizeUsingJsonPath"/>
</testsuite> <!-- com.apitesting.ArraySizeUsingJsonPath -->
