<?xml version="1.0" encoding="UTF-8"?>
<!-- Generated by org.testng.reporters.JUnitReportReporter -->
<testsuite skipped="0" hostname="Ashwins-MacBook-Pro.local" name="com.apitesting.UsingGroovyJsonPath" tests="1" failures="0" timestamp="22 Dec 2017 11:13:32 GMT" time="2.575" errors="0">
  <testcase name="singleAssertion" time="2.575" classname="com.apitesting.UsingGroovyJsonPath"/>
</testsuite> <!-- com.apitesting.UsingGroovyJsonPath -->
