<?xml version="1.0" encoding="UTF-8"?>
<!-- Generated by org.testng.reporters.JUnitReportReporter -->
<testsuite skipped="0" hostname="Ashwins-MacBook-Pro.local" name="com.apitesting.GroovyJsonPathLogical" tests="1" failures="0" timestamp="23 Dec 2017 06:23:38 GMT" time="3.168" errors="0">
  <testcase name="findAnItemWithSalePrice" time="3.168" classname="com.apitesting.GroovyJsonPathLogical"/>
</testsuite> <!-- com.apitesting.GroovyJsonPathLogical -->
