<?xml version="1.0" encoding="UTF-8"?>
<!-- Generated by org.testng.reporters.JUnitReportReporter -->
<testsuite skipped="0" hostname="Ashwins-MacBook-Pro.local" name="com.apitesting.GroovyJsonPathRegex" tests="2" failures="0" timestamp="23 Dec 2017 06:50:39 GMT" time="5.066" errors="0">
  <testcase name="findAnItemWhoseNameEndsWithPlayer" time="3.299" classname="com.apitesting.GroovyJsonPathRegex"/>
  <testcase name="findAnItemWhoseNameStartsWithiPod" time="1.767" classname="com.apitesting.GroovyJsonPathRegex"/>
</testsuite> <!-- com.apitesting.GroovyJsonPathRegex -->
