<?xml version="1.0" encoding="UTF-8"?>
<!-- Generated by org.testng.reporters.JUnitReportReporter -->
<testsuite hostname="Ashwins-MacBook-Pro.local" name="com.apitesting.ErrorFilterInRestAssured" tests="1" failures="0" timestamp="22 Dec 2017 10:04:59 GMT" time="3.300" errors="0">
  <testcase name="singleAssertion" time="3.300" classname="com.apitesting.ErrorFilterInRestAssured"/>
</testsuite> <!-- com.apitesting.ErrorFilterInRestAssured -->
